<?xml version="1.0" encoding="UTF-8"?>
<!-- Generated by org.testng.reporters.JUnitReportReporter -->
<testsuite skipped="0" hostname="5CD9229M66" name="com.qa.Twilio.GET_Twilio_OTP_Test" tests="1" failures="0" timestamp="24 Jul 2020 07:54:55 GMT" time="10.928" errors="0">
  <testcase name="GetOTP" time="10.928" classname="com.qa.Twilio.GET_Twilio_OTP_Test"/>
</testsuite> <!-- com.qa.Twilio.GET_Twilio_OTP_Test -->
