<?xml version="1.0" encoding="UTF-8"?>
<!-- Generated by org.testng.reporters.JUnitReportReporter -->
<testsuite skipped="0" hostname="5CD9229M66" name="com.qa.Tests.GETAPI_Test" tests="1" failures="0" timestamp="18 Jul 2020 07:49:35 GMT" time="2.956" errors="0">
  <testcase name="GetTest" time="2.956" classname="com.qa.Tests.GETAPI_Test"/>
</testsuite> <!-- com.qa.Tests.GETAPI_Test -->
