<?xml version="1.0" encoding="UTF-8"?>
<!-- Generated by org.testng.reporters.JUnitReportReporter -->
<testsuite skipped="0" hostname="5CD9229M66" name="com.qa.Reqres.POST_Reqres_Test" tests="1" failures="0" timestamp="27 Jul 2020 12:31:37 GMT" time="3.343" errors="0">
  <testcase name="POST" time="3.343" classname="com.qa.Reqres.POST_Reqres_Test"/>
</testsuite> <!-- com.qa.Reqres.POST_Reqres_Test -->
