<?xml version="1.0" encoding="UTF-8"?>
<!-- Generated by org.testng.reporters.JUnitReportReporter -->
<testsuite skipped="0" hostname="5CD9229M66" name="com.qa.Tests.GET_Twilio_Test" tests="1" failures="0" timestamp="21 Jul 2020 13:44:44 GMT" time="82.442" errors="0">
  <testcase name="GetTest" time="82.442" classname="com.qa.Tests.GET_Twilio_Test"/>
</testsuite> <!-- com.qa.Tests.GET_Twilio_Test -->
