<?xml version="1.0" encoding="UTF-8"?>
<!-- Generated by org.testng.reporters.JUnitReportReporter -->
<testsuite skipped="0" hostname="5CD9229M66" name="com.qa.Twilio.GET_JSONARRAY_Twilio" tests="1" failures="0" timestamp="24 Jul 2020 07:50:06 GMT" time="13.172" errors="0">
  <testcase name="GET" time="13.172" classname="com.qa.Twilio.GET_JSONARRAY_Twilio"/>
</testsuite> <!-- com.qa.Twilio.GET_JSONARRAY_Twilio -->
