<?xml version="1.0" encoding="UTF-8"?>
<!-- Generated by org.testng.reporters.JUnitReportReporter -->
<testsuite skipped="0" hostname="5CD9229M66" name="com.qa.Tests.GET_Reqres_Test" tests="1" failures="0" timestamp="22 Jul 2020 12:21:28 GMT" time="1.076" errors="0">
  <testcase name="GetTest" time="1.076" classname="com.qa.Tests.GET_Reqres_Test"/>
</testsuite> <!-- com.qa.Tests.GET_Reqres_Test -->
