<?xml version="1.0" encoding="UTF-8"?>
<!-- Generated by org.testng.reporters.JUnitReportReporter -->
<testsuite skipped="0" hostname="5CD9229M66" name="com.qa.Reqres.GET_Reqres_Test" tests="2" failures="0" timestamp="02 Aug 2020 12:47:56 GMT" time="0.528" errors="0">
  <testcase name="StatusCode_GET_Reqres" time="0.513" classname="com.qa.Reqres.GET_Reqres_Test"/>
  <testcase name="JSON_GET_Reqres" time="0.015" classname="com.qa.Reqres.GET_Reqres_Test"/>
</testsuite> <!-- com.qa.Reqres.GET_Reqres_Test -->
