<?xml version="1.0" encoding="UTF-8"?>
<!-- Generated by org.testng.reporters.JUnitReportReporter -->
<testsuite skipped="0" hostname="5CD9229M66" name="com.qa.BestBuy.DELETE_BestBuy_Test" tests="2" failures="0" timestamp="02 Aug 2020 07:02:43 GMT" time="0.141" errors="0">
  <testcase name="StatusCode_DELETE_BestBuy" time="0.139" classname="com.qa.BestBuy.DELETE_BestBuy_Test"/>
  <testcase name="JSON_DELETE_BestBuy" time="0.002" classname="com.qa.BestBuy.DELETE_BestBuy_Test"/>
</testsuite> <!-- com.qa.BestBuy.DELETE_BestBuy_Test -->
