<?xml version="1.0" encoding="UTF-8"?>
<!-- Generated by org.testng.reporters.JUnitReportReporter -->
<testsuite skipped="0" hostname="5CD9229M66" name="com.qa.BestBuy.DELETE_BestBuy_Test" tests="2" failures="0" timestamp="02 Aug 2020 12:47:56 GMT" time="0.192" errors="0">
  <testcase name="StatusCode_DELETE_BestBuy" time="0.188" classname="com.qa.BestBuy.DELETE_BestBuy_Test"/>
  <testcase name="JSON_DELETE_BestBuy" time="0.004" classname="com.qa.BestBuy.DELETE_BestBuy_Test"/>
</testsuite> <!-- com.qa.BestBuy.DELETE_BestBuy_Test -->
