<?xml version="1.0" encoding="UTF-8"?>
<!-- Generated by org.testng.reporters.JUnitReportReporter -->
<testsuite skipped="0" hostname="5CD9229M66" name="com.qa.Twilio.GET_Twilio_HeaderPass_Test" tests="1" failures="0" timestamp="22 Jul 2020 14:22:38 GMT" time="3.407" errors="0">
  <testcase name="GETTest" time="3.407" classname="com.qa.Twilio.GET_Twilio_HeaderPass_Test"/>
</testsuite> <!-- com.qa.Twilio.GET_Twilio_HeaderPass_Test -->
