<?xml version="1.0" encoding="UTF-8"?>
<!-- Generated by org.testng.reporters.JUnitReportReporter -->
<testsuite skipped="0" hostname="5CD9229M66" name="com.qa.Twilio.GET_Twilio_HeaderAuth_Test" tests="2" failures="0" timestamp="02 Aug 2020 07:02:43 GMT" time="3.378" errors="0">
  <testcase name="StatusCode_GET_Twilio" time="3.353" classname="com.qa.Twilio.GET_Twilio_HeaderAuth_Test"/>
  <testcase name="JSON_GET_Twilio" time="0.025" classname="com.qa.Twilio.GET_Twilio_HeaderAuth_Test"/>
</testsuite> <!-- com.qa.Twilio.GET_Twilio_HeaderAuth_Test -->
