<?xml version="1.0" encoding="UTF-8"?>
<!-- Generated by org.testng.reporters.JUnitReportReporter -->
<testsuite skipped="0" hostname="5CD9229M66" name="com.qa.API.Practice.GET_JSONARRAY_Twilio" tests="1" failures="0" timestamp="23 Jul 2020 06:56:32 GMT" time="2.361" errors="0">
  <testcase name="GET" time="2.361" classname="com.qa.API.Practice.GET_JSONARRAY_Twilio"/>
</testsuite> <!-- com.qa.API.Practice.GET_JSONARRAY_Twilio -->
